Arguments: 
  C:\Program Files\nodejs\node.exe C:\Users\vlicicz\AppData\Roaming\npm\node_modules\yarn\bin\yarn.js run watch

PATH: 
  C:\Windows\system32;C:\Windows;C:\Windows\System32\Wbem;C:\Windows\System32\WindowsPowerShell\v1.0\;C:\Program Files\Git\cmd;C:\Program Files (x86)\NVIDIA Corporation\PhysX\Common;C:\Users\vlicicz\Documents\php-7.2;C:\ProgramData\ComposerSetup\bin;C:\Program Files\nodejs\;C:\WINDOWS\system32;C:\WINDOWS;C:\WINDOWS\System32\Wbem;C:\WINDOWS\System32\WindowsPowerShell\v1.0\;C:\WINDOWS\System32\OpenSSH\;C:\Users\vlicicz\AppData\Local\Microsoft\WindowsApps;C:\Program Files\Microsoft VS Code\bin;C:\Users\vlicicz\AppData\Roaming\Composer\vendor\bin;C:\Users\vlicicz\AppData\Roaming\npm;C:\Users\vlicicz\AppData\Local\GitHubDesktop\bin;C:\Users\vlicicz\AppData\Local\Microsoft\WindowsApps;;C:\Program Files\JetBrains\PhpStorm 2018.3.4\bin;

Yarn version: 
  1.5.1

Node version: 
  8.10.0

Platform: 
  win32 x64

npm manifest: 
  No manifest

yarn manifest: 
  No manifest

Lockfile: 
  No lockfile

Trace: 
  Error: Couldn't find a package.json file in "E:\\Projects\\liro"
      at new MessageError (C:\Users\vlicicz\AppData\Roaming\npm\node_modules\yarn\lib\cli.js:186:110)
      at C:\Users\vlicicz\AppData\Roaming\npm\node_modules\yarn\lib\cli.js:40048:15
      at Generator.next (<anonymous>)
      at step (C:\Users\vlicicz\AppData\Roaming\npm\node_modules\yarn\lib\cli.js:98:30)
      at C:\Users\vlicicz\AppData\Roaming\npm\node_modules\yarn\lib\cli.js:109:13
      at <anonymous>
